<?xml version="1.0" encoding="UTF-8"?>
<!-- Generated by org.testng.reporters.JUnitReportReporter -->
<testsuite hostname="Dhanya" failures="0" tests="3" name="testcases.LoginTest" time="38.236" errors="0" timestamp="20 Sep. 2024 16:21:47 GMT" skipped="0">
  <testcase classname="testcases.LoginTest" name="login" time="16.406"/>
  <testcase classname="testcases.LoginTest" name="ForgotEmail" time="13.072"/>
  <testcase classname="testcases.LoginTest" name="LearnMoreAboutUSingGuestMode" time="8.758"/>
</testsuite> <!-- testcases.LoginTest -->
