<?xml version="1.0" encoding="UTF-8"?>
<!-- Generated by org.testng.reporters.JUnitReportReporter -->
<testsuite hostname="Dhanya" failures="0" tests="1" name="tests.HomeTest" time="37.214" errors="0" timestamp="16 Sep. 2024 18:35:29 GMT" skipped="0">
  <testcase classname="tests.HomeTest" name="HomePageTextVerification" time="37.214"/>
</testsuite> <!-- tests.HomeTest -->
