<?xml version="1.0" encoding="UTF-8"?>
<!-- Generated by org.testng.reporters.JUnitReportReporter -->
<testsuite hostname="Dhanya" failures="0" tests="3" name="testcases.PersonalInfoTest" time="80.180" errors="0" timestamp="20 Sep. 2024 16:21:47 GMT" skipped="0">
  <testcase classname="testcases.PersonalInfoTest" name="HeaderTextVerification" time="25.145"/>
  <testcase classname="testcases.PersonalInfoTest" name="BasicInfo" time="30.327"/>
  <testcase classname="testcases.PersonalInfoTest" name="ContactInfo" time="24.708"/>
</testsuite> <!-- testcases.PersonalInfoTest -->
