<?xml version="1.0" encoding="UTF-8"?>
<!-- Generated by org.testng.reporters.JUnitReportReporter -->
<testsuite hostname="Dhanya" failures="0" tests="3" name="tests.LoginTest" time="54.345" errors="0" timestamp="16 Sep. 2024 18:35:29 GMT" skipped="0">
  <testcase classname="tests.LoginTest" name="login" time="20.886"/>
  <testcase classname="tests.LoginTest" name="ForgotEmail" time="18.984"/>
  <testcase classname="tests.LoginTest" name="LearnMoreAboutUSingGuestMode" time="14.475"/>
</testsuite> <!-- tests.LoginTest -->
