<?xml version="1.0" encoding="UTF-8"?>
<!-- Generated by org.testng.reporters.JUnitReportReporter -->
<testsuite hostname="Dhanya" failures="0" tests="3" name="testcases.LoginTest" time="37.961" errors="0" timestamp="20 Sep. 2024 17:06:34 GMT" skipped="0">
  <testcase classname="testcases.LoginTest" name="login" time="15.872"/>
  <testcase classname="testcases.LoginTest" name="ForgotEmail" time="13.174"/>
  <testcase classname="testcases.LoginTest" name="LearnMoreAboutUSingGuestMode" time="8.915"/>
</testsuite> <!-- testcases.LoginTest -->
