<?xml version="1.0" encoding="UTF-8"?>
<!-- Generated by org.testng.reporters.JUnitReportReporter -->
<testsuite hostname="Dhanya" failures="0" tests="4" name="testcases.HomeTest" time="129.715" errors="0" timestamp="20 Sep. 2024 17:06:34 GMT" skipped="0">
  <testcase classname="testcases.HomeTest" name="HomePageTextVerification" time="22.626"/>
  <testcase classname="testcases.HomeTest" name="RecoveryDetailsFromPropertyFile" time="37.528"/>
  <testcase classname="testcases.HomeTest" name="RecoveryDetailsFromTestDataSheet" time="34.680"/>
  <testcase classname="testcases.HomeTest" name="RecoveryDetailsFromTestDataSheet" time="34.881"/>
</testsuite> <!-- testcases.HomeTest -->
