<?xml version="1.0" encoding="UTF-8"?>
<!-- Generated by org.testng.reporters.JUnitReportReporter -->
<testsuite hostname="Dhanya" failures="0" tests="3" name="testcases.PersonalInfoTest" time="79.607" errors="0" timestamp="20 Sep. 2024 17:06:34 GMT" skipped="0">
  <testcase classname="testcases.PersonalInfoTest" name="HeaderTextVerification" time="24.678"/>
  <testcase classname="testcases.PersonalInfoTest" name="BasicInfo" time="29.977"/>
  <testcase classname="testcases.PersonalInfoTest" name="ContactInfo" time="24.952"/>
</testsuite> <!-- testcases.PersonalInfoTest -->
